<?xml version="1.0" encoding="UTF-8"?>
<testsuite name="ru.stqa.pft.addressbook.tests.GroupModifcationTests" tests="1" skipped="0" failures="0" errors="0" timestamp="2017-10-19T16:50:20" hostname="pc-904" time="1.648">
  <properties/>
  <testcase name="testGroupModification" classname="ru.stqa.pft.addressbook.tests.GroupModifcationTests" time="1.648"/>
  <system-out><![CDATA[]]></system-out>
  <system-err><![CDATA[]]></system-err>
</testsuite>
