<?xml version="1.0" encoding="UTF-8"?>
<testsuite name="ru.stqa.pft.addressbook.tests.ContactCreationTests" tests="2" skipped="0" failures="0" errors="0" timestamp="2017-10-19T16:50:21" hostname="pc-904" time="15.163">
  <properties/>
  <testcase name="testContactCreation[0](ContactData{id='2147483647', name='name 0', lastname='lastname 0', address='address 0'})" classname="ru.stqa.pft.addressbook.tests.ContactCreationTests" time="9.126"/>
  <testcase name="testContactCreation[1](ContactData{id='2147483647', name='name 1', lastname='lastname 1', address='address 1'})" classname="ru.stqa.pft.addressbook.tests.ContactCreationTests" time="6.037"/>
  <system-out><![CDATA[]]></system-out>
  <system-err><![CDATA[]]></system-err>
</testsuite>
